<?xml version="1.0" encoding="UTF-8"?>
<testng-results ignored="0" total="5" passed="5" failed="0" skipped="0">
  <reporter-output>
  </reporter-output>
  <suite started-at="2024-09-02T12:10:37 WEST" name="Default suite" finished-at="2024-09-02T12:11:27 WEST" duration-ms="49641">
    <groups>
      <group name="cucumber">
        <method signature="AbstractTestNGCucumberTests.runScenario(io.cucumber.testng.PickleWrapper,io.cucumber.testng.FeatureWrapper)[pri:0, instance:Steps.runner@3c41ed1d]" name="runScenario" class="io.cucumber.testng.AbstractTestNGCucumberTests"/>
      </group> <!-- cucumber -->
    </groups>
    <test started-at="2024-09-02T12:10:37 WEST" name="Default test" finished-at="2024-09-02T12:11:27 WEST" duration-ms="49641">
      <class name="Steps.runner">
        <test-method is-config="true" signature="setUpClass(org.testng.ITestContext)[pri:0, instance:Steps.runner@3c41ed1d]" started-at="2024-09-02T12:10:37 WEST" name="setUpClass" finished-at="2024-09-02T12:10:37 WEST" duration-ms="165" status="PASS">
          <params>
            <param index="0">
              <value>
                <![CDATA[org.testng.TestRunner@5bcb04cb]]>
              </value>
            </param>
          </params>
          <reporter-output>
          </reporter-output>
        </test-method> <!-- setUpClass -->
        <test-method signature="runScenario(io.cucumber.testng.PickleWrapper,io.cucumber.testng.FeatureWrapper)[pri:0, instance:Steps.runner@3c41ed1d]" started-at="2024-09-02T12:10:37 WEST" name="runScenario" description="Runs Cucumber Scenarios" data-provider="scenarios" finished-at="2024-09-02T12:10:47 WEST" duration-ms="9833" status="PASS">
          <params>
            <param index="0">
              <value>
                <![CDATA["Home Page Title Verification"]]>
              </value>
            </param>
            <param index="1">
              <value>
                <![CDATA["Authentication and Dropdown Interaction"]]>
              </value>
            </param>
          </params>
          <reporter-output>
          </reporter-output>
        </test-method> <!-- runScenario -->
        <test-method signature="runScenario(io.cucumber.testng.PickleWrapper,io.cucumber.testng.FeatureWrapper)[pri:0, instance:Steps.runner@3c41ed1d]" started-at="2024-09-02T12:10:47 WEST" name="runScenario" description="Runs Cucumber Scenarios" data-provider="scenarios" finished-at="2024-09-02T12:10:57 WEST" duration-ms="10006" status="PASS">
          <params>
            <param index="0">
              <value>
                <![CDATA["Authentication with invalid credentials"]]>
              </value>
            </param>
            <param index="1">
              <value>
                <![CDATA["Authentication and Dropdown Interaction"]]>
              </value>
            </param>
          </params>
          <reporter-output>
          </reporter-output>
        </test-method> <!-- runScenario -->
        <test-method signature="runScenario(io.cucumber.testng.PickleWrapper,io.cucumber.testng.FeatureWrapper)[pri:0, instance:Steps.runner@3c41ed1d]" started-at="2024-09-02T12:10:57 WEST" name="runScenario" description="Runs Cucumber Scenarios" data-provider="scenarios" finished-at="2024-09-02T12:11:07 WEST" duration-ms="10523" status="PASS">
          <params>
            <param index="0">
              <value>
                <![CDATA["Authentication with invalid credentials"]]>
              </value>
            </param>
            <param index="1">
              <value>
                <![CDATA["Authentication and Dropdown Interaction"]]>
              </value>
            </param>
          </params>
          <reporter-output>
          </reporter-output>
        </test-method> <!-- runScenario -->
        <test-method signature="runScenario(io.cucumber.testng.PickleWrapper,io.cucumber.testng.FeatureWrapper)[pri:0, instance:Steps.runner@3c41ed1d]" started-at="2024-09-02T12:11:07 WEST" name="runScenario" description="Runs Cucumber Scenarios" data-provider="scenarios" finished-at="2024-09-02T12:11:18 WEST" duration-ms="10109" status="PASS">
          <params>
            <param index="0">
              <value>
                <![CDATA["Authentication with valid credentials"]]>
              </value>
            </param>
            <param index="1">
              <value>
                <![CDATA["Authentication and Dropdown Interaction"]]>
              </value>
            </param>
          </params>
          <reporter-output>
          </reporter-output>
        </test-method> <!-- runScenario -->
        <test-method signature="runScenario(io.cucumber.testng.PickleWrapper,io.cucumber.testng.FeatureWrapper)[pri:0, instance:Steps.runner@3c41ed1d]" started-at="2024-09-02T12:11:18 WEST" name="runScenario" description="Runs Cucumber Scenarios" data-provider="scenarios" finished-at="2024-09-02T12:11:27 WEST" duration-ms="8964" status="PASS">
          <params>
            <param index="0">
              <value>
                <![CDATA["Dropdown selection"]]>
              </value>
            </param>
            <param index="1">
              <value>
                <![CDATA["Authentication and Dropdown Interaction"]]>
              </value>
            </param>
          </params>
          <reporter-output>
          </reporter-output>
        </test-method> <!-- runScenario -->
        <test-method is-config="true" signature="tearDownClass()[pri:0, instance:Steps.runner@3c41ed1d]" started-at="2024-09-02T12:11:27 WEST" name="tearDownClass" finished-at="2024-09-02T12:11:27 WEST" duration-ms="2" status="PASS">
          <reporter-output>
          </reporter-output>
        </test-method> <!-- tearDownClass -->
      </class> <!-- Steps.runner -->
    </test> <!-- Default test -->
  </suite> <!-- Default suite -->
</testng-results>
