<?xml version="1.0" encoding="UTF-8"?>
<testng-results ignored="1" total="2" passed="1" failed="0" skipped="0">
  <reporter-output>
  </reporter-output>
  <suite started-at="2024-08-19T09:46:40 WEST" name="Default suite" finished-at="2024-08-19T09:46:40 WEST" duration-ms="45">
    <groups>
    </groups>
    <test started-at="2024-08-19T09:46:40 WEST" name="Default test" finished-at="2024-08-19T09:46:40 WEST" duration-ms="45">
      <class name="MyFirstTestNGPackage.FirstTestNGfile">
        <test-method is-config="true" signature="beforeSuite()[pri:0, instance:MyFirstTestNGPackage.FirstTestNGfile@409bf450]" started-at="2024-08-19T09:46:40 WEST" name="beforeSuite" finished-at="2024-08-19T09:46:40 WEST" duration-ms="6" status="PASS">
          <reporter-output>
          </reporter-output>
        </test-method> <!-- beforeSuite -->
        <test-method is-config="true" signature="beforeTest()[pri:0, instance:MyFirstTestNGPackage.FirstTestNGfile@409bf450]" started-at="2024-08-19T09:46:40 WEST" name="beforeTest" finished-at="2024-08-19T09:46:40 WEST" duration-ms="1" status="PASS">
          <reporter-output>
          </reporter-output>
        </test-method> <!-- beforeTest -->
        <test-method is-config="true" signature="beforeClass()[pri:0, instance:MyFirstTestNGPackage.FirstTestNGfile@409bf450]" started-at="2024-08-19T09:46:40 WEST" name="beforeClass" finished-at="2024-08-19T09:46:40 WEST" duration-ms="0" status="PASS">
          <reporter-output>
          </reporter-output>
        </test-method> <!-- beforeClass -->
        <test-method is-config="true" signature="beforeMethod()[pri:0, instance:MyFirstTestNGPackage.FirstTestNGfile@409bf450]" started-at="2024-08-19T09:46:40 WEST" name="beforeMethod" finished-at="2024-08-19T09:46:40 WEST" duration-ms="1" status="PASS">
          <reporter-output>
          </reporter-output>
        </test-method> <!-- beforeMethod -->
        <test-method signature="TC2testMethod()[pri:0, instance:MyFirstTestNGPackage.FirstTestNGfile@409bf450]" started-at="2024-08-19T09:46:40 WEST" name="TC2testMethod" finished-at="2024-08-19T09:46:40 WEST" duration-ms="8" status="PASS">
          <reporter-output>
          </reporter-output>
        </test-method> <!-- TC2testMethod -->
        <test-method is-config="true" signature="afterMethod()[pri:0, instance:MyFirstTestNGPackage.FirstTestNGfile@409bf450]" started-at="2024-08-19T09:46:40 WEST" name="afterMethod" finished-at="2024-08-19T09:46:40 WEST" duration-ms="0" status="PASS">
          <reporter-output>
          </reporter-output>
        </test-method> <!-- afterMethod -->
        <test-method is-config="true" signature="afterClass()[pri:0, instance:MyFirstTestNGPackage.FirstTestNGfile@409bf450]" started-at="2024-08-19T09:46:40 WEST" name="afterClass" finished-at="2024-08-19T09:46:40 WEST" duration-ms="0" status="PASS">
          <reporter-output>
          </reporter-output>
        </test-method> <!-- afterClass -->
        <test-method is-config="true" signature="afterTest()[pri:0, instance:MyFirstTestNGPackage.FirstTestNGfile@409bf450]" started-at="2024-08-19T09:46:40 WEST" name="afterTest" finished-at="2024-08-19T09:46:40 WEST" duration-ms="0" status="PASS">
          <reporter-output>
          </reporter-output>
        </test-method> <!-- afterTest -->
        <test-method is-config="true" signature="afterSuite()[pri:0, instance:MyFirstTestNGPackage.FirstTestNGfile@409bf450]" started-at="2024-08-19T09:46:40 WEST" name="afterSuite" finished-at="2024-08-19T09:46:40 WEST" duration-ms="1" status="PASS">
          <reporter-output>
          </reporter-output>
        </test-method> <!-- afterSuite -->
      </class> <!-- MyFirstTestNGPackage.FirstTestNGfile -->
    </test> <!-- Default test -->
  </suite> <!-- Default suite -->
</testng-results>
