<?xml version="1.0" encoding="UTF-8"?>
<!-- Generated by org.testng.reporters.JUnitXMLReporter -->
<testsuite ignored="1" hostname="ITMMAAGC42029FZ" failures="0" tests="5" name="Test" time="48.976" errors="0" timestamp="2024-08-19T16:00:45 WEST">
  <testcase classname="MyPackage.MyClass" name="TC2_Authentication_KO" time="1.192"/>
  <testcase classname="MyPackage.MyClass" name="TC2_Authentication_KO" time="1.08"/>
  <testcase classname="MyPackage.MyClass" name="TC2_Authentication_KO" time="1.135"/>
  <testcase classname="MyPackage.MyClass" name="TC3_Authentication_OK" time="1.34"/>
  <testcase classname="MyPackage.MyClass" name="TC4_dropdown" time="0.403"/>
  <testcase classname="MyPackage.MyClass" name="TC1_homePage" time="0.0">
    <ignored/>
  </testcase> <!-- TC1_homePage -->
</testsuite> <!-- Test -->
