<?xml version="1.0" encoding="UTF-8"?>
<!-- Generated by org.testng.reporters.JUnitXMLReporter -->
<testsuite ignored="1" hostname="ITMMAAGC42029FZ" failures="0" tests="4" name="Default test" time="63.86" errors="0" timestamp="2024-08-27T10:37:01 WEST">
  <testcase classname="MyPackage.MyTestClass" name="TC2_Authentication_KO" time="1.256"/>
  <testcase classname="MyPackage.MyTestClass" name="TC2_Authentication_KO" time="1.371"/>
  <testcase classname="MyPackage.MyTestClass" name="TC3_Authentication_OK" time="1.226"/>
  <testcase classname="MyPackage.MyTestClass" name="TC4_dropdown" time="0.49"/>
  <testcase classname="MyPackage.MyTestClass" name="TC1_homePage" time="0.0">
    <ignored/>
  </testcase> <!-- TC1_homePage -->
</testsuite> <!-- Default test -->
