<?xml version="1.0" encoding="UTF-8"?>
<!-- Generated by org.testng.reporters.JUnitXMLReporter -->
<testsuite ignored="1" hostname="ITMMAAGC42029FZ" failures="0" tests="5" name="Default test" time="55.911" errors="0" timestamp="2024-09-02T11:37:28 WEST">
  <testcase classname="MyPackage.MyClass" name="TC2_Authentication_KO" time="1.137"/>
  <testcase classname="MyPackage.MyClass" name="TC2_Authentication_KO" time="1.032"/>
  <testcase classname="MyPackage.MyClass" name="TC2_Authentication_KO" time="1.205"/>
  <testcase classname="MyPackage.MyClass" name="TC3_Authentication_OK" time="1.308"/>
  <testcase classname="MyPackage.MyClass" name="TC4_dropdown" time="0.499"/>
  <testcase classname="MyPackage.MyClass" name="TC1_homePage" time="0.0">
    <ignored/>
  </testcase> <!-- TC1_homePage -->
</testsuite> <!-- Default test -->
