<?xml version="1.0" encoding="UTF-8"?>
<!-- Generated by org.testng.reporters.JUnitXMLReporter -->
<testsuite ignored="0" hostname="ITMMAAGC42029FZ" failures="0" tests="6" name="Test" time="58.476" errors="0" timestamp="2024-08-26T16:43:33 WEST">
  <testcase classname="MyPackage.MyTestClass" name="TC1_homePage" time="0.022"/>
  <testcase classname="MyPackage.MyTestClass" name="TC2_Authentication_KO" time="1.133"/>
  <testcase classname="MyPackage.MyTestClass" name="TC2_Authentication_KO" time="1.224"/>
  <testcase classname="MyPackage.MyTestClass" name="TC2_Authentication_KO" time="1.109"/>
  <testcase classname="MyPackage.MyTestClass" name="TC3_Authentication_OK" time="1.223"/>
  <testcase classname="MyPackage.MyTestClass" name="TC4_dropdown" time="0.425"/>
</testsuite> <!-- Test -->
