<?xml version="1.0" encoding="UTF-8"?>
<!-- Generated by org.testng.reporters.JUnitXMLReporter -->
<testsuite ignored="0" hostname="ITMMAAGC42029FZ" failures="0" tests="5" name="Test" time="61.542" errors="0" timestamp="2024-08-19T11:57:28 WEST">
  <testcase classname="MyPackage.MyClass" name="TC1_homePage" time="3.044"/>
  <testcase classname="MyPackage.MyClass" name="TC2_Authentication_KO" time="1.179"/>
  <testcase classname="MyPackage.MyClass" name="TC3_Authentication_OK" time="1.17"/>
  <testcase classname="MyPackage.MyClass" name="TC4_dropdown" time="0.416"/>
  <testcase classname="MyPackage.MyClass" name="TC5_hovers" time="11.977"/>
</testsuite> <!-- Test -->
