<?xml version="1.0" encoding="UTF-8"?>
<!-- Generated by org.testng.reporters.JUnitXMLReporter -->
<testsuite ignored="1" hostname="ITMMAAGC42029FZ" failures="0" tests="1" name="Default test" time="0.045" errors="0" timestamp="2024-08-19T09:46:40 WEST">
  <testcase classname="MyFirstTestNGPackage.FirstTestNGfile" name="TC2testMethod" time="0.008"/>
  <testcase classname="MyFirstTestNGPackage.FirstTestNGfile" name="TestCase1" time="0.0">
    <ignored/>
  </testcase> <!-- TestCase1 -->
</testsuite> <!-- Default test -->
