<?xml version="1.0" encoding="UTF-8"?>
<!-- Generated by org.testng.reporters.JUnitXMLReporter -->
<testsuite ignored="0" hostname="ITMMAAGC42029FZ" failures="1" tests="1" name="Test" time="2.387" errors="0" timestamp="2024-08-27T16:05:09 WEST">
  <testcase classname="MyApiPackage.MyApiClass" name="testUiAndApi" time="2.364">
    <failure type="java.lang.AssertionError" message="Status code is not 200. expected [200] but found [404]">
      <![CDATA[java.lang.AssertionError: Status code is not 200. expected [200] but found [404]
at MyApiPackage.MyApiClass.testUiAndApi(MyApiClass.java:43)
at java.base/java.util.ArrayList.forEach(ArrayList.java:1597)
... Removed 30 stack frames]]>
    </failure>
  </testcase> <!-- testUiAndApi -->
</testsuite> <!-- Test -->
